Building DAG of jobs...
Using shell: /usr/bin/bash
Provided cores: 1 (use --cores to define parallelism)
Rules claiming more threads will be scaled down.
Job stats:
job               count
--------------  -------
all                   1
calculate_pgs         2
cleaned_data          2
keep_CEU              2
remove_related        2
snp_qc                2
total                11

Select jobs to execute...
Execute 1 jobs...

[Thu Apr 17 12:18:49 2025]
localrule cleaned_data:
    input: /mnt/scratch/agnes/PDB1724_MFR_541_v12.csv, /mnt/scratch/agnes/parental_ID_to_PREG_ID.csv, /mnt/work/p1724/v12/linkage_Mother_PDB1724.csv, /mnt/archive/moba/geno/HDGB-MoBaGenetics/2024.12.03/moba_genotypes_2024.12.03_common.psam
    output: results/phenotype/filtered_pregnancies_multiparous.csv, results/phenotype/IDs_extract_multiparous.txt
    jobid: 2
    reason: Code has changed since last execution
    wildcards: parity=multiparous
    resources: tmpdir=/mnt/scratch/tmp

RuleException:
CalledProcessError in file /mnt/scratch/agnes/gene-IPI/Snakefile, line 27:
Command 'set -euo pipefail;  Rscript --vanilla /mnt/scratch/agnes/gene-IPI/.snakemake/scripts/tmpzb108qem.phenotype_stat.R' returned non-zero exit status 1.
[Thu Apr 17 12:19:13 2025]
Error in rule cleaned_data:
    jobid: 2
    input: /mnt/scratch/agnes/PDB1724_MFR_541_v12.csv, /mnt/scratch/agnes/parental_ID_to_PREG_ID.csv, /mnt/work/p1724/v12/linkage_Mother_PDB1724.csv, /mnt/archive/moba/geno/HDGB-MoBaGenetics/2024.12.03/moba_genotypes_2024.12.03_common.psam
    output: results/phenotype/filtered_pregnancies_multiparous.csv, results/phenotype/IDs_extract_multiparous.txt

Shutting down, this might take some time.
Exiting because a job execution failed. Look above for error message
Complete log: .snakemake/log/2025-04-17T121849.459518.snakemake.log
WorkflowError:
At least one job did not complete successfully.
