Building DAG of jobs...
Using shell: /usr/bin/bash
Provided cores: 1 (use --cores to define parallelism)
Rules claiming more threads will be scaled down.
Job stats:
job              count
-------------  -------
all                  1
calculate_pgs        1
total                2

Select jobs to execute...
Execute 1 jobs...

[Thu Apr  3 10:29:32 2025]
localrule calculate_pgs:
    input: variant_weights.txt, results/gwas/moba_common_qc_ipi.pgen, results/gwas/moba_common_qc_ipi.pvar, results/gwas/moba_common_qc_ipi.psam
    output: results/pgs/ipi_pgs.sscore, results/pgs/ipi_pgs.log
    jobid: 3
    reason: Updated input files: results/gwas/moba_common_qc_ipi.pvar, results/gwas/moba_common_qc_ipi.pgen, results/gwas/moba_common_qc_ipi.psam
    resources: tmpdir=/mnt/scratch/tmp

[Thu Apr  3 10:29:35 2025]
Finished job 3.
1 of 2 steps (50%) done
Select jobs to execute...
Execute 1 jobs...

[Thu Apr  3 10:29:35 2025]
localrule all:
    input: results/phenotype/filtered_pregnancies.csv, results/gwas/moba_common_qc_ipi.pgen, results/gwas/moba_common_qc_ipi.pvar, results/gwas/moba_common_qc_ipi.psam, results/pgs/ipi_pgs.sscore
    jobid: 0
    reason: Input files updated by another job: results/pgs/ipi_pgs.sscore
    resources: tmpdir=/mnt/scratch/tmp

[Thu Apr  3 10:29:35 2025]
Finished job 0.
2 of 2 steps (100%) done
Complete log: .snakemake/log/2025-04-03T102822.526218.snakemake.log
