Building DAG of jobs...
Using shell: /usr/bin/bash
Provided cores: 1 (use --cores to define parallelism)
Rules claiming more threads will be scaled down.
Job stats:
job               count
--------------  -------
all                   1
remove_related        1
total                 2

Select jobs to execute...
Execute 1 jobs...

[Mon Apr  7 13:18:51 2025]
localrule remove_related:
    input: results/phenotype/pheno_pgs_unique.csv, /mnt/archive/moba/geno/HDGB-MoBaGenetics/2024.12.03/kinship/moba_genotypes_2024.12.03.kin0, /mnt/archive/moba/geno/HDGB-MoBaGenetics/2024.12.03/pca/moba_genotypes_2024.12.03.pcs, /mnt/archive/moba/geno/HDGB-MoBaGenetics/2024.12.03/batch/moba_genotypes_2024.12.03_batches, resources/batches.json
    output: results/final_phenotype/IPI_pgs_covariates.txt
    jobid: 5
    reason: Missing output files: results/final_phenotype/IPI_pgs_covariates.txt
    resources: tmpdir=/mnt/scratch/tmp

[Mon Apr  7 13:18:52 2025]
Error in rule remove_related:
    jobid: 5
    input: results/phenotype/pheno_pgs_unique.csv, /mnt/archive/moba/geno/HDGB-MoBaGenetics/2024.12.03/kinship/moba_genotypes_2024.12.03.kin0, /mnt/archive/moba/geno/HDGB-MoBaGenetics/2024.12.03/pca/moba_genotypes_2024.12.03.pcs, /mnt/archive/moba/geno/HDGB-MoBaGenetics/2024.12.03/batch/moba_genotypes_2024.12.03_batches, resources/batches.json
    output: results/final_phenotype/IPI_pgs_covariates.txt

Shutting down, this might take some time.
Exiting because a job execution failed. Look above for error message
Complete log: .snakemake/log/2025-04-07T131851.628265.snakemake.log
WorkflowError:
At least one job did not complete successfully.
