Building DAG of jobs...
Using shell: /usr/bin/bash
Provided cores: 4
Rules claiming more threads will be scaled down.
Job stats:
job               count
--------------  -------
keep_CEU              1
remove_related        1
total                 2

Select jobs to execute...
Execute 1 jobs...

[Mon Apr  7 12:23:21 2025]
localrule keep_CEU:
    input: results/phenotype/filtered_pregnancies.csv, results/pgs/ipi_pgs.sscore, /mnt/archive/moba/geno/HDGB-MoBaGenetics/2024.12.03/pca/moba_genotypes_2024.12.03_ceu_core_ids
    output: results/phenotype/pheno_pgs_unique.csv
    jobid: 0
    reason: Forced execution
    resources: tmpdir=/mnt/scratch/tmp

[Mon Apr  7 12:23:48 2025]
Finished job 0.
1 of 2 steps (50%) done
Select jobs to execute...
Execute 1 jobs...

[Mon Apr  7 12:23:48 2025]
localrule remove_related:
    input: results/phenotype/pheno_pgs_unique.csv, /mnt/archive/moba/geno/HDGB-MoBaGenetics/2024.12.03/kinship/moba_genotypes_2024.12.03.kin0, /mnt/archive/moba/geno/HDGB-MoBaGenetics/2024.12.03/pca/moba_genotypes_2024.12.03.pcs, /mnt/archive/moba/geno/HDGB-MoBaGenetics/2024.12.03/batch/moba_genotypes_2024.12.03_batches, resources/batches.json
    output: results/final_phenotype/IPI_pgs_covariates.txt
    jobid: 4
    reason: Input files updated by another job: results/phenotype/pheno_pgs_unique.csv
    resources: tmpdir=/mnt/scratch/tmp

[Mon Apr  7 12:23:50 2025]
Error in rule remove_related:
    jobid: 4
    input: results/phenotype/pheno_pgs_unique.csv, /mnt/archive/moba/geno/HDGB-MoBaGenetics/2024.12.03/kinship/moba_genotypes_2024.12.03.kin0, /mnt/archive/moba/geno/HDGB-MoBaGenetics/2024.12.03/pca/moba_genotypes_2024.12.03.pcs, /mnt/archive/moba/geno/HDGB-MoBaGenetics/2024.12.03/batch/moba_genotypes_2024.12.03_batches, resources/batches.json
    output: results/final_phenotype/IPI_pgs_covariates.txt

Shutting down, this might take some time.
Exiting because a job execution failed. Look above for error message
Complete log: .snakemake/log/2025-04-07T122321.196918.snakemake.log
WorkflowError:
At least one job did not complete successfully.
