Building DAG of jobs...
Using shell: /usr/bin/bash
Provided cores: 1 (use --cores to define parallelism)
Rules claiming more threads will be scaled down.
Job stats:
job               count
--------------  -------
all                   1
remove_related        1
total                 2

Select jobs to execute...
Execute 1 jobs...

[Mon Apr  7 13:23:29 2025]
localrule remove_related:
    input: results/phenotype/pheno_pgs_unique.csv, /mnt/archive/moba/geno/HDGB-MoBaGenetics/2024.12.03/kinship/moba_genotypes_2024.12.03.kin0, /mnt/archive/moba/geno/HDGB-MoBaGenetics/2024.12.03/pca/moba_genotypes_2024.12.03.pcs, /mnt/archive/moba/geno/HDGB-MoBaGenetics/2024.12.03/batch/moba_genotypes_2024.12.03_batches, resources/batches.json
    output: results/final_phenotype/IPI_pgs_covariates.txt
    jobid: 5
    reason: Missing output files: results/final_phenotype/IPI_pgs_covariates.txt
    resources: tmpdir=/mnt/scratch/tmp

[Mon Apr  7 13:23:46 2025]
Finished job 5.
1 of 2 steps (50%) done
Select jobs to execute...
Execute 1 jobs...

[Mon Apr  7 13:23:46 2025]
localrule all:
    input: results/phenotype/filtered_pregnancies.csv, results/gwas/moba_common_qc_ipi.pgen, results/gwas/moba_common_qc_ipi.pvar, results/gwas/moba_common_qc_ipi.psam, results/pgs/ipi_pgs.sscore, results/phenotype/pheno_pgs_unique.csv, results/final_phenotype/IPI_pgs_covariates.txt
    jobid: 0
    reason: Input files updated by another job: results/final_phenotype/IPI_pgs_covariates.txt
    resources: tmpdir=/mnt/scratch/tmp

[Mon Apr  7 13:23:46 2025]
Finished job 0.
2 of 2 steps (100%) done
Complete log: .snakemake/log/2025-04-07T132329.413559.snakemake.log
