Building DAG of jobs...
Using shell: /usr/bin/bash
Provided cores: 1 (use --cores to define parallelism)
Rules claiming more threads will be scaled down.
Job stats:
job         count
--------  -------
all             1
keep_CEU        1
total           2

Select jobs to execute...
Execute 1 jobs...

[Mon Apr  7 10:39:30 2025]
localrule keep_CEU:
    input: results/phenotype/filtered_pregnancies.csv, results/pgs/ipi_pgs.sscore, /mnt/archive/moba/geno/HDGB-MoBaGenetics/2024.12.03/pca/moba_genotypes_2024.12.03_ceu_core_ids
    output: results/phenotype/pheno_pgs_unique.csv
    jobid: 4
    reason: Missing output files: results/phenotype/pheno_pgs_unique.csv
    resources: tmpdir=/mnt/scratch/tmp

[Mon Apr  7 10:40:14 2025]
Finished job 4.
1 of 2 steps (50%) done
Select jobs to execute...
Execute 1 jobs...

[Mon Apr  7 10:40:14 2025]
localrule all:
    input: results/phenotype/filtered_pregnancies.csv, results/gwas/moba_common_qc_ipi.pgen, results/gwas/moba_common_qc_ipi.pvar, results/gwas/moba_common_qc_ipi.psam, results/pgs/ipi_pgs.sscore, results/phenotype/pheno_pgs_unique.csv
    jobid: 0
    reason: Input files updated by another job: results/phenotype/pheno_pgs_unique.csv
    resources: tmpdir=/mnt/scratch/tmp

[Mon Apr  7 10:40:14 2025]
Finished job 0.
2 of 2 steps (100%) done
Complete log: .snakemake/log/2025-04-07T103927.473065.snakemake.log
