Building DAG of jobs...
Using shell: /usr/bin/bash
Provided cores: 1 (use --cores to define parallelism)
Rules claiming more threads will be scaled down.
Job stats:
job       count
------  -------
all           1
snp_qc        1
total         2

Select jobs to execute...
Execute 1 jobs...

[Wed Apr  2 17:35:08 2025]
localrule snp_qc:
    input: /mnt/archive/moba/geno/HDGB-MoBaGenetics/2024.12.03/moba_genotypes_2024.12.03_common.psam, /mnt/archive/moba/geno/HDGB-MoBaGenetics/2024.12.03/moba_genotypes_2024.12.03_common.pvar, /mnt/archive/moba/geno/HDGB-MoBaGenetics/2024.12.03/moba_genotypes_2024.12.03_common.pgen, results/gwas/keep_samples.txt, SNP_to_extract.txt
    output: results/gwas/moba_common_qc_ipi.pgen, results/gwas/moba_common_qc_ipi.pvar, results/gwas/moba_common_qc_ipi.psam
    log: results/gwas/moba_common_qc_ipi.log
    jobid: 2
    reason: Code has changed since last execution
    resources: tmpdir=/mnt/scratch/tmp

[Wed Apr  2 17:38:48 2025]
Finished job 2.
1 of 2 steps (50%) done
Select jobs to execute...
Execute 1 jobs...

[Wed Apr  2 17:38:48 2025]
localrule all:
    input: results/phenotype/filtered_pregnancies.csv, results/gwas/moba_common_qc_ipi.pgen, results/gwas/moba_common_qc_ipi.pvar, results/gwas/moba_common_qc_ipi.psam, results/pgs/ipi_pgs.sscore
    jobid: 0
    reason: Input files updated by another job: results/gwas/moba_common_qc_ipi.pgen, results/gwas/moba_common_qc_ipi.pvar, results/gwas/moba_common_qc_ipi.psam
    resources: tmpdir=/mnt/scratch/tmp

[Wed Apr  2 17:38:48 2025]
Finished job 0.
2 of 2 steps (100%) done
Complete log: .snakemake/log/2025-04-02T173457.047109.snakemake.log
