Building DAG of jobs...
Using shell: /usr/bin/bash
Provided cores: 1 (use --cores to define parallelism)
Rules claiming more threads will be scaled down.
Job stats:
job             count
------------  -------
all                 1
cleaned_data        1
total               2

Select jobs to execute...
Execute 1 jobs...

[Tue Mar 11 14:35:51 2025]
localrule cleaned_data:
    input: /mnt/scratch/agnes/PDB1724_MFR_541_v12.csv, /mnt/scratch/agnes/parental_ID_to_PREG_ID.csv
    output: results/phenotype/filtered_pregnancies.csv, results/plots/phenotype/ipi_distribution_corrected.png, results/plots/phenotype/ipi_density_IPI.png, results/plots/phenotype/ipi_parity_boxplot.png, results/plots/phenotype/ipi_ushape.png, results/plots/phenotype/ipi_gestational_duration.png, results/plots/phenotype/ipi_delivery_type.png, results/plots/phenotype/ipi_induced_vs_spont.png, results/plots/phenotype/ipi_preterm_vs_term.png, results/plots/phenotype/ipi_delivery_type_by_IPI_and_preterm.png, results/plots/phenotype/ipi_distribution_mode_of_delivery.png, results/plots/phenotype/ipi_c_section.png, results/plots/phenotype/ipi_stillbirth_vs_livebirth.png
    jobid: 1
    reason: Missing output files: results/phenotype/filtered_pregnancies.csv
    resources: tmpdir=/mnt/scratch/tmp

RuleException:
CalledProcessError in file /mnt/scratch/agnes/gene-IPI/Snakefile, line 26:
Command 'set -euo pipefail;  Rscript --vanilla /mnt/scratch/agnes/gene-IPI/.snakemake/scripts/tmpa5j68rsb.cleancode.R' returned non-zero exit status 1.
[Tue Mar 11 14:37:03 2025]
Error in rule cleaned_data:
    jobid: 1
    input: /mnt/scratch/agnes/PDB1724_MFR_541_v12.csv, /mnt/scratch/agnes/parental_ID_to_PREG_ID.csv
    output: results/phenotype/filtered_pregnancies.csv, results/plots/phenotype/ipi_distribution_corrected.png, results/plots/phenotype/ipi_density_IPI.png, results/plots/phenotype/ipi_parity_boxplot.png, results/plots/phenotype/ipi_ushape.png, results/plots/phenotype/ipi_gestational_duration.png, results/plots/phenotype/ipi_delivery_type.png, results/plots/phenotype/ipi_induced_vs_spont.png, results/plots/phenotype/ipi_preterm_vs_term.png, results/plots/phenotype/ipi_delivery_type_by_IPI_and_preterm.png, results/plots/phenotype/ipi_distribution_mode_of_delivery.png, results/plots/phenotype/ipi_c_section.png, results/plots/phenotype/ipi_stillbirth_vs_livebirth.png

Removing output files of failed job cleaned_data since they might be corrupted:
results/plots/phenotype/ipi_distribution_corrected.png, results/plots/phenotype/ipi_density_IPI.png, results/plots/phenotype/ipi_parity_boxplot.png, results/plots/phenotype/ipi_ushape.png
Shutting down, this might take some time.
Exiting because a job execution failed. Look above for error message
Complete log: .snakemake/log/2025-03-11T143551.018024.snakemake.log
WorkflowError:
At least one job did not complete successfully.
