Building DAG of jobs...
Using shell: /usr/bin/bash
Provided cores: 1 (use --cores to define parallelism)
Rules claiming more threads will be scaled down.
Job stats:
job             count
------------  -------
all                 1
cleaned_data        1
total               2

Select jobs to execute...
Execute 1 jobs...

[Fri Mar 14 15:56:24 2025]
localrule cleaned_data:
    input: /mnt/scratch/agnes/PDB1724_MFR_541_v12.csv, /mnt/scratch/agnes/parental_ID_to_PREG_ID.csv
    output: results/phenotype/filtered_pregnancies.csv, results/plots/phenotype/ipi_distribution_corrected.png, results/plots/phenotype/ipi_density_IPI.png, results/plots/phenotype/ipi_ushape.png, results/plots/phenotype/ipi_delivery_type.png, results/plots/phenotype/ipi_stillbirth_vs_livebirth.png
    jobid: 1
    reason: Missing output files: results/phenotype/filtered_pregnancies.csv
    resources: tmpdir=/mnt/scratch/tmp

RuleException:
CalledProcessError in file /mnt/scratch/agnes/gene-IPI/Snakefile, line 16:
Command 'set -euo pipefail;  Rscript --vanilla /mnt/scratch/agnes/gene-IPI/.snakemake/scripts/tmpy1cidqq5.cleancode-backup.R' returned non-zero exit status 1.
[Fri Mar 14 15:57:14 2025]
Error in rule cleaned_data:
    jobid: 1
    input: /mnt/scratch/agnes/PDB1724_MFR_541_v12.csv, /mnt/scratch/agnes/parental_ID_to_PREG_ID.csv
    output: results/phenotype/filtered_pregnancies.csv, results/plots/phenotype/ipi_distribution_corrected.png, results/plots/phenotype/ipi_density_IPI.png, results/plots/phenotype/ipi_ushape.png, results/plots/phenotype/ipi_delivery_type.png, results/plots/phenotype/ipi_stillbirth_vs_livebirth.png

Shutting down, this might take some time.
Exiting because a job execution failed. Look above for error message
Complete log: .snakemake/log/2025-03-14T155621.483271.snakemake.log
WorkflowError:
At least one job did not complete successfully.
