Building DAG of jobs...
Using shell: /usr/bin/bash
Provided cores: 1 (use --cores to define parallelism)
Rules claiming more threads will be scaled down.
Job stats:
job             count
------------  -------
all                 1
cleaned_data        1
total               2

Select jobs to execute...
Execute 1 jobs...

[Fri Mar 21 13:54:42 2025]
localrule cleaned_data:
    input: /mnt/scratch/agnes/PDB1724_MFR_541_v12.csv, /mnt/scratch/agnes/parental_ID_to_PREG_ID.csv, /mnt/work/p1724/v12/linkage_Mother_PDB1724.csv, /mnt/archive/moba/geno/HDGB-MoBaGenetics/2024.12.03/moba_genotypes_2024.12.03_common.psam
    output: results/phenotype/filtered_pregnancies.csv, results/plots/phenotype/ipi_distribution_corrected.png, results/plots/phenotype/ipi_density_IPI.png, results/plots/phenotype/ipi_ushape.png, results/plots/phenotype/ipi_delivery_type.png, results/plots/phenotype/ipi_stillbirth_vs_livebirth.png, result/phenotype/IDs_extract.txt
    jobid: 1
    reason: Missing output files: results/phenotype/filtered_pregnancies.csv
    resources: tmpdir=/mnt/scratch/tmp

[Fri Mar 21 13:55:08 2025]
Finished job 1.
1 of 2 steps (50%) done
Select jobs to execute...
Execute 1 jobs...

[Fri Mar 21 13:55:08 2025]
localrule all:
    input: results/phenotype/filtered_pregnancies.csv
    jobid: 0
    reason: Input files updated by another job: results/phenotype/filtered_pregnancies.csv
    resources: tmpdir=/mnt/scratch/tmp

[Fri Mar 21 13:55:08 2025]
Finished job 0.
2 of 2 steps (100%) done
Complete log: .snakemake/log/2025-03-21T135442.028915.snakemake.log
