Building DAG of jobs...
Using shell: /usr/bin/bash
Provided cores: 1 (use --cores to define parallelism)
Rules claiming more threads will be scaled down.
Job stats:
job       count
------  -------
snp_qc        1
total         1

Select jobs to execute...
Execute 1 jobs...

[Fri Mar 28 16:47:59 2025]
localrule snp_qc:
    input: /mnt/archive/moba/geno/HDGB-MoBaGenetics/2024.12.03/moba_genotypes_2024.12.03_common.psam, /mnt/archive/moba/geno/HDGB-MoBaGenetics/2024.12.03/moba_genotypes_2024.12.03_common.pvar, /mnt/archive/moba/geno/HDGB-MoBaGenetics/2024.12.03/moba_genotypes_2024.12.03_common.pgen, results/gwas/keep_samples.txt, SNP_to_extract.txt
    output: results/gwas/moba_common_qc_ipi.pgen, results/gwas/moba_common_qc_ipi.pvar, results/gwas/moba_common_qc_ipi.psam
    log: results/gwas/moba_common_qc_ipi.log
    jobid: 0
    reason: Forced execution
    resources: tmpdir=/mnt/scratch/tmp

[Fri Mar 28 16:49:13 2025]
Finished job 0.
1 of 1 steps (100%) done
Complete log: .snakemake/log/2025-03-28T164757.159853.snakemake.log
