PLINK v2.00a3 SSE4.2 (18 Feb 2022)
Options in effect:
  --nonfounders
  --out results/pgs/ipi_pgs_multiparous
  --pfile results/gwas/moba_common_qc_ipi_multiparous
  --score variant_weights.txt 1 2 3 cols=scoresums

Hostname: bergomo-home
Working directory: /mnt/scratch/agnes/gene-IPI
Start time: Thu Apr 17 12:20:44 2025

Random number seed: 1744885244
128805 MiB RAM detected; reserving 64402 MiB for main workspace.
Using up to 32 threads (change this with --threads).
14552 samples (14548 females, 0 males, 4 ambiguous; 0 founders) loaded from
results/gwas/moba_common_qc_ipi_multiparous.psam.
24 variants loaded from results/gwas/moba_common_qc_ipi_multiparous.pvar.
Note: No phenotype data present.
Calculating allele frequencies... done.
--score: 24 variants processed.
--score: Results written to results/pdone.
--score: 24 variants processed.
--score: Results written to results/pgs/ipi_pgs_multiparous.sscore .
End time: Thu Apr 17 12:20:44 2025
